AH00558: apache2: Could not reliably determine the server's fully qualified domain name, using 172.21.0.3. Set the 'ServerName' directive globally to suppress this message
[Sat Jul 06 18:35:07.029507 2019] [mpm_prefork:notice] [pid 1] AH00163: Apache/2.4.25 (Debian) PHP/7.2.19 configured -- resuming normal operations
[Sat Jul 06 18:35:07.029579 2019] [core:notice] [pid 1] AH00094: Command line: 'apache2 -D FOREGROUND'
2019-07-06T18:36:35+00:00 [debug] Warning: filemtime(): stat failed for D:\Exam\symfony-rabbit-docker\config\routes.yaml
2019-07-06T18:36:36+00:00 [critical] Uncaught Exception: No route found for "GET /robots.txt"
2019-07-06T18:39:22+00:00 [critical] Uncaught Exception: No route found for "GET /robots.txt"
2019-07-06T18:40:15+00:00 [debug] Warning: filemtime(): stat failed for D:\Exam\symfony-rabbit-docker\config\routes.yaml
2019-07-06T18:40:15+00:00 [critical] Uncaught Exception: No route found for "GET /robots.txt"
[Sat Jul 06 18:43:19.968825 2019] [mpm_prefork:notice] [pid 1] AH00169: caught SIGTERM, shutting down
AH00558: apache2: Could not reliably determine the server's fully qualified domain name, using 172.22.0.4. Set the 'ServerName' directive globally to suppress this message
[Sat Jul 06 18:49:36.680499 2019] [mpm_prefork:notice] [pid 1] AH00163: Apache/2.4.25 (Debian) PHP/7.2.19 configured -- resuming normal operations
[Sat Jul 06 18:49:36.681176 2019] [core:notice] [pid 1] AH00094: Command line: 'apache2 -D FOREGROUND'
[Sat Jul 06 18:50:56.324263 2019] [mpm_prefork:notice] [pid 1] AH00169: caught SIGTERM, shutting down
AH00558: apache2: Could not reliably determine the server's fully qualified domain name, using 172.23.0.3. Set the 'ServerName' directive globally to suppress this message
[Sat Jul 06 18:57:13.480345 2019] [mpm_prefork:notice] [pid 1] AH00163: Apache/2.4.25 (Debian) PHP/7.2.19 configured -- resuming normal operations
[Sat Jul 06 18:57:13.480850 2019] [core:notice] [pid 1] AH00094: Command line: 'apache2 -D FOREGROUND'
AH00558: apache2: Could not reliably determine the server's fully qualified domain name, using 172.24.0.4. Set the 'ServerName' directive globally to suppress this message
[Sat Jul 06 23:18:23.465056 2019] [mpm_prefork:notice] [pid 1] AH00163: Apache/2.4.25 (Debian) PHP/7.2.19 configured -- resuming normal operations
[Sat Jul 06 23:18:23.466306 2019] [core:notice] [pid 1] AH00094: Command line: 'apache2 -D FOREGROUND'
[Sat Jul 06 23:22:47.184448 2019] [mpm_prefork:notice] [pid 1] AH00169: caught SIGTERM, shutting down
AH00558: apache2: Could not reliably determine the server's fully qualified domain name, using 172.19.0.4. Set the 'ServerName' directive globally to suppress this message
[Sat Jul 06 23:24:16.362179 2019] [mpm_prefork:notice] [pid 1] AH00163: Apache/2.4.25 (Debian) PHP/7.2.19 configured -- resuming normal operations
[Sat Jul 06 23:24:16.363204 2019] [core:notice] [pid 1] AH00094: Command line: 'apache2 -D FOREGROUND'
2019-07-06T23:24:32+00:00 [critical] Uncaught Exception: No route found for "GET /robots.txt"
2019-07-06T23:24:32+00:00 [critical] Uncaught Exception: No route found for "GET /favicon.ico" (from "http://localhost/")
[Sat Jul 06 23:26:20.287697 2019] [mpm_prefork:notice] [pid 1] AH00169: caught SIGTERM, shutting down
